g:\my code\year 2\cmsgui_remake\cmsgui_remake\x64\debug\vc141.pdb
g:\my code\year 2\cmsgui_remake\cmsgui_remake\generatedfiles\debug\moc_cmsgui.cpp
g:\my code\year 2\cmsgui_remake\cmsgui_remake\generatedfiles\qrc_cmsgui.cpp
g:\my code\year 2\cmsgui_remake\cmsgui_remake\generatedfiles\ui_cmsgui.h
g:\my code\year 2\cmsgui_remake\x64\debug\cmsgui_remake.pdb
g:\my code\year 2\cmsgui_remake\cmsgui_remake\.\generatedfiles\debug\moc_cmsgui.cpp
g:\my code\year 2\cmsgui_remake\cmsgui_remake\.\generatedfiles\qrc_cmsgui.cpp
g:\my code\year 2\cmsgui_remake\cmsgui_remake\.\generatedfiles\ui_cmsgui.h
g:\my code\year 2\cmsgui_remake\cmsgui_remake\x64\debug\cmsgui.obj
g:\my code\year 2\cmsgui_remake\cmsgui_remake\x64\debug\main.obj
g:\my code\year 2\cmsgui_remake\cmsgui_remake\x64\debug\message.obj
g:\my code\year 2\cmsgui_remake\cmsgui_remake\x64\debug\moc_cmsgui.obj
g:\my code\year 2\cmsgui_remake\cmsgui_remake\x64\debug\qrc_cmsgui.obj
g:\my code\year 2\cmsgui_remake\cmsgui_remake\x64\debug\rs232comm.obj
g:\my code\year 2\cmsgui_remake\cmsgui_remake\x64\debug\sound.obj
g:\my code\year 2\cmsgui_remake\x64\debug\cmsgui_remake.exe
g:\my code\year 2\cmsgui_remake\x64\debug\cmsgui_remake.ilk
g:\my code\year 2\cmsgui_remake\cmsgui_remake\x64\debug\cmsgui_remake.tlog\cl.command.1.tlog
g:\my code\year 2\cmsgui_remake\cmsgui_remake\x64\debug\cmsgui_remake.tlog\cl.read.1.tlog
g:\my code\year 2\cmsgui_remake\cmsgui_remake\x64\debug\cmsgui_remake.tlog\cl.write.1.tlog
g:\my code\year 2\cmsgui_remake\cmsgui_remake\x64\debug\cmsgui_remake.tlog\cmsgui_remake.write.1u.tlog
g:\my code\year 2\cmsgui_remake\cmsgui_remake\x64\debug\cmsgui_remake.tlog\link.command.1.tlog
g:\my code\year 2\cmsgui_remake\cmsgui_remake\x64\debug\cmsgui_remake.tlog\link.read.1.tlog
g:\my code\year 2\cmsgui_remake\cmsgui_remake\x64\debug\cmsgui_remake.tlog\link.write.1.tlog
g:\my code\year 2\cmsgui_remake\cmsgui_remake\x64\debug\cmsgui_remake.tlog\qtmoc.read.1u.tlog
g:\my code\year 2\cmsgui_remake\cmsgui_remake\x64\debug\cmsgui_remake.tlog\qtmoc.write.1u.tlog
g:\my code\year 2\cmsgui_remake\cmsgui_remake\x64\debug\cmsgui_remake.tlog\qtrcc.read.1u.tlog
g:\my code\year 2\cmsgui_remake\cmsgui_remake\x64\debug\cmsgui_remake.tlog\qtrcc.write.1u.tlog
g:\my code\year 2\cmsgui_remake\cmsgui_remake\x64\debug\cmsgui_remake.tlog\qtuic.read.1u.tlog
g:\my code\year 2\cmsgui_remake\cmsgui_remake\x64\debug\cmsgui_remake.tlog\qtuic.write.1u.tlog
